<?xml version="1.0" encoding="UTF-8"?>
<testsuite xmlns:xsi="http://www.w3.org/2001/XMLSchema-instance" xsi:noNamespaceSchemaLocation="https://maven.apache.org/surefire/maven-surefire-plugin/xsd/surefire-test-report-3.0.xsd" version="3.0" name="SysDev.skincare.SkincareApplicationTests" time="11.086" tests="1" errors="0" skipped="0" failures="0">
  <properties>
[...]
</properties>
  <testcase name="contextLoads" classname="SysDev.skincare.SkincareApplicationTests" time="0.876">
    <system-out><![CDATA[20:55:23.689 [main] INFO org.springframework.test.context.support.AnnotationConfigContextLoaderUtils -- Could not detect default configuration classes for test class [SysDev.skincare.SkincareApplicationTests]: SkincareApplicationTests does not declare any static, non-private, non-final, nested classes annotated with @Configuration.
20:55:23.908 [main] INFO org.springframework.boot.test.context.SpringBootTestContextBootstrapper -- Found @SpringBootConfiguration SysDev.skincare.SkincareApplication for test class SysDev.skincare.SkincareApplicationTests
20:55:24.303 [main] INFO org.springframework.boot.devtools.restart.RestartApplicationListener -- Restart disabled due to context in which it is running

  .   ____          _            __ _ _
 /\\ / ___'_ __ _ _(_)_ __  __ _ \ \ \ \
( ( )\___ | '_ | '_| | '_ \/ _` | \ \ \ \
 \\/  ___)| |_)| | | | | || (_| |  ) ) ) )
  '  |____| .__|_| |_|_| |_\__, | / / / /
 =========|_|==============|___/=/_/_/_/

 :: Spring Boot ::                (v3.3.9)

2025-03-07T20:55:24.886-05:00  INFO 15796 --- [skincare] [           main] S.skincare.SkincareApplicationTests      : Starting SkincareApplicationTests using Java 23.0.1 with PID 15796 (started by Reza in C:\Users\Reza\Desktop\Bolck four\System Development\Project\skincare)
2025-03-07T20:55:24.890-05:00  INFO 15796 --- [skincare] [           main] S.skincare.SkincareApplicationTests      : No active profile set, falling back to 1 default profile: "default"
2025-03-07T20:55:26.359-05:00  INFO 15796 --- [skincare] [           main] .s.d.r.c.RepositoryConfigurationDelegate : Bootstrapping Spring Data JPA repositories in DEFAULT mode.
2025-03-07T20:55:26.521-05:00  INFO 15796 --- [skincare] [           main] .s.d.r.c.RepositoryConfigurationDelegate : Finished Spring Data repository scanning in 148 ms. Found 7 JPA repository interfaces.
2025-03-07T20:55:27.624-05:00  INFO 15796 --- [skincare] [           main] o.hibernate.jpa.internal.util.LogHelper  : HHH000204: Processing PersistenceUnitInfo [name: default]
2025-03-07T20:55:27.797-05:00  INFO 15796 --- [skincare] [           main] org.hibernate.Version                    : HHH000412: Hibernate ORM core version 6.5.3.Final
2025-03-07T20:55:27.903-05:00  INFO 15796 --- [skincare] [           main] o.h.c.internal.RegionFactoryInitiator    : HHH000026: Second-level cache disabled
2025-03-07T20:55:28.573-05:00  INFO 15796 --- [skincare] [           main] o.s.o.j.p.SpringPersistenceUnitInfo      : No LoadTimeWeaver setup: ignoring JPA class transformer
2025-03-07T20:55:28.659-05:00  INFO 15796 --- [skincare] [           main] com.zaxxer.hikari.HikariDataSource       : HikariPool-1 - Starting...
2025-03-07T20:55:29.071-05:00  INFO 15796 --- [skincare] [           main] com.zaxxer.hikari.pool.HikariPool        : HikariPool-1 - Added connection org.postgresql.jdbc.PgConnection@3b021664
2025-03-07T20:55:29.075-05:00  INFO 15796 --- [skincare] [           main] com.zaxxer.hikari.HikariDataSource       : HikariPool-1 - Start completed.
2025-03-07T20:55:29.156-05:00  WARN 15796 --- [skincare] [           main] org.hibernate.orm.deprecation            : HHH90000025: PostgreSQLDialect does not need to be specified explicitly using 'hibernate.dialect' (remove the property setting and it will be selected by default)
2025-03-07T20:55:31.194-05:00  INFO 15796 --- [skincare] [           main] o.h.e.t.j.p.i.JtaPlatformInitiator       : HHH000489: No JTA platform available (set 'hibernate.transaction.jta.platform' to enable JTA platform integration)
2025-03-07T20:55:31.733-05:00  INFO 15796 --- [skincare] [           main] j.LocalContainerEntityManagerFactoryBean : Initialized JPA EntityManagerFactory for persistence unit 'default'
2025-03-07T20:55:32.778-05:00  WARN 15796 --- [skincare] [           main] JpaBaseConfiguration$JpaWebConfiguration : spring.jpa.open-in-view is enabled by default. Therefore, database queries may be performed during view rendering. Explicitly configure spring.jpa.open-in-view to disable this warning
2025-03-07T20:55:33.501-05:00  INFO 15796 --- [skincare] [           main] S.skincare.SkincareApplicationTests      : Started SkincareApplicationTests in 9.278 seconds (process running for 12.249)
]]></system-out>
    <system-err><![CDATA[WARNING: A Java agent has been loaded dynamically (C:\Users\Reza\.m2\repository\net\bytebuddy\byte-buddy-agent\1.14.19\byte-buddy-agent-1.14.19.jar)
WARNING: If a serviceability tool is in use, please run with -XX:+EnableDynamicAgentLoading to hide this warning
WARNING: If a serviceability tool is not in use, please run with -Djdk.instrument.traceUsage for more information
WARNING: Dynamic loading of agents will be disallowed by default in a future release
]]></system-err>
  </testcase>
</testsuite>